<?xml version="1.0" encoding="UTF-8"?>
<testng-results ignored="0" total="1" passed="1" failed="0" skipped="0">
  <reporter-output>
  </reporter-output>
  <suite started-at="2024-02-26T16:22:47 IST" name="Default suite" finished-at="2024-02-26T16:23:34 IST" duration-ms="46230">
    <groups>
    </groups>
    <test started-at="2024-02-26T16:22:47 IST" name="Default test" finished-at="2024-02-26T16:23:34 IST" duration-ms="46230">
      <class name="Logintc.HRMM">
        <test-method signature="OpenHRM()[pri:0, instance:Logintc.HRMM@4be29ed9]" started-at="2024-02-26T16:22:47 IST" name="OpenHRM" finished-at="2024-02-26T16:23:34 IST" duration-ms="46147" status="PASS">
          <reporter-output>
          </reporter-output>
        </test-method> <!-- OpenHRM -->
      </class> <!-- Logintc.HRMM -->
    </test> <!-- Default test -->
  </suite> <!-- Default suite -->
</testng-results>
