<?xml version="1.0" encoding="UTF-8"?>
<!-- Generated by org.testng.reporters.JUnitXMLReporter -->
<testsuite ignored="0" hostname="CPDK196" failures="0" tests="4" name="TestHRM1234" time="95.838" errors="0" timestamp="2024-02-16T18:19:36 IST">
  <testcase classname="Logintc.LoginExcelJXL" name="BothWRG" time="15.764"/>
  <testcase classname="Logintc.LoginExcelJXL" name="BothWRG" time="13.189"/>
  <testcase classname="Logintc.LoginExcelJXL" name="BothWRG" time="19.35"/>
  <testcase classname="Logintc.LoginExcelJXL" name="BothWRG" time="13.962"/>
</testsuite> <!-- TestHRM1234 -->
