<?xml version="1.0" encoding="UTF-8"?>
<testng-results ignored="0" total="1" passed="1" failed="0" skipped="0">
  <reporter-output>
  </reporter-output>
  <suite started-at="2024-03-12T12:16:12 IST" name="Default suite" finished-at="2024-03-12T12:16:18 IST" duration-ms="6528">
    <groups>
    </groups>
    <test started-at="2024-03-12T12:16:12 IST" name="Default test" finished-at="2024-03-12T12:16:18 IST" duration-ms="6528">
      <class name="RestBDDStyle">
        <test-method signature="GetreqEX2()[pri:0, instance:RestBDDStyle@52af26ee]" started-at="2024-03-12T12:16:12 IST" name="GetreqEX2" finished-at="2024-03-12T12:16:18 IST" duration-ms="6380" status="PASS">
          <reporter-output>
          </reporter-output>
        </test-method> <!-- GetreqEX2 -->
      </class> <!-- RestBDDStyle -->
    </test> <!-- Default test -->
  </suite> <!-- Default suite -->
</testng-results>
